#
# A fatal error has been detected by the Java Runtime Environment:
#
#  Internal Error (0xc000000d), pid=5444, tid=0x00000000000087a0
#
# JRE version: OpenJDK Runtime Environment (8.0_252-b09) (build 1.8.0_252-b09)
# Java VM: OpenJDK 64-Bit Server VM (25.252-b09 mixed mode windows-amd64 compressed oops)
# Problematic frame:
# C  [ntdll.dll+0x10f110]
#
# Failed to write core dump. Minidumps are not enabled by default on client versions of Windows
#
# If you would like to submit a bug report, please visit:
#   http://bugreport.java.com/bugreport/crash.jsp
#

---------------  T H R E A D  ---------------

Current thread (0x00000252b6fdb800):  VMThread [stack: 0x000000d32b000000,0x000000d32b100000] [id=34720]

siginfo: ExceptionCode=0xc000000d

Registers:
RAX=0x07c000ce8ebf0122, RBX=0x00000252c28d2df0, RCX=0xccc000ad46c0009a, RDX=0x61c200b213c20099
RSP=0x000000d32b0fe680, RBP=0x00000252c1e355d0, RSI=0x00000252c1e35808, RDI=0x00000252c1e40d40
R8 =0x07c801a380c70124, R9 =0x26c9004e46c80192, R10=0x53c9009738c9012d, R11=0x63ca00b723ca00f1
R12=0x0000000000000000, R13=0x0000000000000000, R14=0x00000252c1e12ed0, R15=0x00000252c1e28cd0
RIP=0x00007ffa2c74f110, EFLAGS=0x0000000000000206

Top of Stack: (sp=0x000000d32b0fe680)
0x000000d32b0fe680:   000000d300000057 00000252c28d2df0
0x000000d32b0fe690:   00000252c1e35808 0000000000000000
0x000000d32b0fe6a0:   00000000c000000d 0000000000000000
0x000000d32b0fe6b0:   00007ffa2c74f110 0000000000000000
0x000000d32b0fe6c0:   0000000000000000 0000000000000000
0x000000d32b0fe6d0:   0000000000000000 0000000000000000
0x000000d32b0fe6e0:   0000000000000000 0000000000000000
0x000000d32b0fe6f0:   0000000000000000 0000000000000000
0x000000d32b0fe700:   0000000000000000 0000000000000000
0x000000d32b0fe710:   0000000000000000 0000000000000000
0x000000d32b0fe720:   0000000000000000 0000000000000000
0x000000d32b0fe730:   0000000000000000 0000000000000000
0x000000d32b0fe740:   0000b34a0237628e 0000000000000000
0x000000d32b0fe750:   0000000000000000 00007ffa2c67653b
0x000000d32b0fe760:   0000000000000000 0000000000000000
0x000000d32b0fe770:   000002529c369690 00007ffa2c68a194 

Instructions: (pc=0x00007ffa2c74f110)
0x00007ffa2c74f0f0:   3f f9 ff c7 44 24 20 0d 00 00 c0 b9 57 00 00 00
0x00007ffa2c74f100:   e8 5b 44 f4 ff 90 48 8d 4c 24 20 e8 b0 ad f5 ff
0x00007ffa2c74f110:   eb 00 48 8b 8c 24 c0 00 00 00 48 33 cc e8 5e d0
0x00007ffa2c74f120:   f7 ff 48 81 c4 d8 00 00 00 c3 40 55 48 83 ec 20 


Register to memory mapping:

RAX=0x07c000ce8ebf0122 is an unknown value
RBX=0x00000252c28d2df0 is an unknown value
RCX=0xccc000ad46c0009a is an unknown value
RDX=0x61c200b213c20099 is an unknown value
RSP=0x000000d32b0fe680 is an unknown value
RBP=0x00000252c1e355d0 is an unknown value
RSI=0x00000252c1e35808 is an unknown value
RDI=0x00000252c1e40d40 is an unknown value
R8 =0x07c801a380c70124 is an unknown value
R9 =0x26c9004e46c80192 is an unknown value
R10=0x53c9009738c9012d is an unknown value
R11=0x63ca00b723ca00f1 is an unknown value
R12=0x0000000000000000 is an unknown value
R13=0x0000000000000000 is an unknown value
R14=0x00000252c1e12ed0 is an unknown value
R15=0x00000252c1e28cd0 is an unknown value


Stack: [0x000000d32b000000,0x000000d32b100000],  sp=0x000000d32b0fe680,  free space=1017k
Native frames: (J=compiled Java code, j=interpreted, Vv=VM code, C=native code)
C  [ntdll.dll+0x10f110]
C  [ntdll.dll+0x3653b]
C  [ntdll.dll+0x36584]
C  [RTWorkQ.DLL+0xa7a9]
C  [RTWorkQ.DLL+0x1a51]
C  [RTWorkQ.DLL+0xa5b8]
C  [RTWorkQ.DLL+0xa442]
C  [MFPlat.DLL+0x46d0]
C  [MFReadWrite.dll+0x225c0]
C  [MFReadWrite.dll+0x1ec80]
C  [MFReadWrite.dll+0x1e9d5]
C  [mfksproxy.dll+0x178b4]
C  [mfksproxy.dll+0x167c5]
C  [mfksproxy.dll+0x6a66]
C  [quartz.dll+0x4376a]
C  [quartz.dll+0x57074]
C  [quartz.dll+0x59762]
C  [quartz.dll+0x58af5]
C  [opencv_java440.dll+0x1d95d93]
C  [opencv_java440.dll+0x23046c0]
C  [opencv_java440.dll+0x21f96d7]
C  [opencv_java440.dll+0x21f997d]
C  [opencv_java440.dll+0x21f6b40]
C  [opencv_java440.dll+0x21acffb]
C  [opencv_java440.dll+0x21acce2]
C  [opencv_java440.dll+0x21acdd8]
C  [ntdll.dll+0x25021]
C  [ntdll.dll+0x6aad2]
C  [ntdll.dll+0x6a97d]
C  [KERNEL32.DLL+0x1cdda]
C  [msvcr120.dll+0x229a7]
V  [jvm.dll+0x1d70b5]
V  [jvm.dll+0x20de47]
V  [jvm.dll+0x20c8d1]
V  [jvm.dll+0x20d04f]
V  [jvm.dll+0x20d3dd]
V  [jvm.dll+0x25014a]
C  [msvcr120.dll+0x24f7f]
C  [msvcr120.dll+0x25126]
C  [KERNEL32.DLL+0x17c24]
C  [ntdll.dll+0x6cea1]

VM_Operation (0x000000d32befcdd0): Exit, mode: safepoint, requested by thread 0x00000252b9e42800


---------------  P R O C E S S  ---------------

Java Threads: ( => current thread )
  0x00000252b9e42800 JavaThread "AWT-EventQueue-0" [_thread_blocked, id=32032, stack(0x000000d32be00000,0x000000d32bf00000)]
  0x00000252b9b47000 JavaThread "AWT-Shutdown" [_thread_blocked, id=23756, stack(0x000000d32bc00000,0x000000d32bd00000)]
  0x00000252b9adb800 JavaThread "Java2D Disposer" daemon [_thread_blocked, id=34604, stack(0x000000d32bb00000,0x000000d32bc00000)]
  0x00000252b706d800 JavaThread "Service Thread" daemon [_thread_blocked, id=28368, stack(0x000000d32b900000,0x000000d32ba00000)]
  0x00000252b704a800 JavaThread "C1 CompilerThread3" daemon [_thread_blocked, id=16844, stack(0x000000d32b800000,0x000000d32b900000)]
  0x00000252b7048000 JavaThread "C2 CompilerThread2" daemon [_thread_blocked, id=21744, stack(0x000000d32b700000,0x000000d32b800000)]
  0x00000252b7043800 JavaThread "C2 CompilerThread1" daemon [_thread_blocked, id=19936, stack(0x000000d32b600000,0x000000d32b700000)]
  0x00000252b703c000 JavaThread "C2 CompilerThread0" daemon [_thread_blocked, id=23436, stack(0x000000d32b500000,0x000000d32b600000)]
  0x00000252b703b000 JavaThread "Attach Listener" daemon [_thread_blocked, id=1456, stack(0x000000d32b400000,0x000000d32b500000)]
  0x00000252b7038000 JavaThread "Signal Dispatcher" daemon [_thread_blocked, id=13720, stack(0x000000d32b300000,0x000000d32b400000)]
  0x00000252b700c800 JavaThread "Finalizer" daemon [_thread_blocked, id=7188, stack(0x000000d32b200000,0x000000d32b300000)]
  0x00000252b7004800 JavaThread "Reference Handler" daemon [_thread_blocked, id=1804, stack(0x000000d32b100000,0x000000d32b200000)]
  0x000002529c367000 JavaThread "main" [_thread_blocked, id=1800, stack(0x000000d32a500000,0x000000d32a600000)]

Other Threads:
=>0x00000252b6fdb800 VMThread [stack: 0x000000d32b000000,0x000000d32b100000] [id=34720]

VM state:at safepoint (shutting down)

VM Mutex/Monitor currently owned by a thread:  ([mutex/lock_event])
[0x000002529c363ad0] Threads_lock - owner thread: 0x00000252b6fdb800

heap address: 0x00000006c2c00000, size: 4052 MB, Compressed Oops mode: Zero based, Oop shift amount: 3
Narrow klass base: 0x0000000000000000, Narrow klass shift: 3
Compressed class space size: 1073741824 Address: 0x00000007c0000000

Heap:
 PSYoungGen      total 274432K, used 179546K [0x000000076b980000, 0x000000077e580000, 0x00000007c0000000)
  eden space 255488K, 62% used [0x000000076b980000,0x000000077565c5c0,0x000000077b300000)
  from space 18944K, 99% used [0x000000077ca00000,0x000000077dc7a408,0x000000077dc80000)
  to   space 23552K, 0% used [0x000000077b300000,0x000000077b300000,0x000000077ca00000)
 ParOldGen       total 173568K, used 18236K [0x00000006c2c00000, 0x00000006cd580000, 0x000000076b980000)
  object space 173568K, 10% used [0x00000006c2c00000,0x00000006c3dcf058,0x00000006cd580000)
 Metaspace       used 10489K, capacity 10690K, committed 10752K, reserved 1058816K
  class space    used 1151K, capacity 1221K, committed 1280K, reserved 1048576K

Card table byte_map: [0x00000252ad1a0000,0x00000252ad990000] byte_map_base: 0x00000252a9b8a000

Marking Bits: (ParMarkBitMap*) 0x0000000061b75010
 Begin Bits: [0x00000252adee0000, 0x00000252b1e30000)
 End Bits:   [0x00000252b1e30000, 0x00000252b5d80000)

Polling page: 0x000002529c580000

CodeCache: size=245760Kb used=3366Kb max_used=3371Kb free=242393Kb
 bounds [0x000002529dde0000, 0x000002529e130000, 0x00000252acde0000]
 total_blobs=1397 nmethods=845 adapters=466
 compilation: enabled

Compilation events (10 events):
Event: 5.787 Thread 0x00000252b704a800  841  s    3       com.sun.imageio.plugins.jpeg.JPEGImageReader::clearThreadLock (83 bytes)
Event: 5.787 Thread 0x00000252b704a800 nmethod 841 0x000002529e127210 code [0x000002529e127480, 0x000002529e1285e0]
Event: 5.812 Thread 0x00000252b704a800  842       3       sun.java2d.cmm.lcms.LCMS::createTransform (11 bytes)
Event: 5.812 Thread 0x00000252b704a800 nmethod 842 0x000002529e128dd0 code [0x000002529e128f40, 0x000002529e129150]
Event: 5.812 Thread 0x00000252b704a800  843       3       sun.java2d.cmm.lcms.LCMSTransform::<init> (130 bytes)
Event: 5.812 Thread 0x00000252b704a800 nmethod 843 0x000002529e129210 code [0x000002529e1293e0, 0x000002529e129cb0]
Event: 6.705 Thread 0x00000252b703c000  844       4       javax.imageio.stream.FileImageInputStream::read (42 bytes)
Event: 6.705 Thread 0x00000252b703c000 nmethod 844 0x000002529e12cd10 code [0x000002529e12ce60, 0x000002529e12cf48]
Event: 6.733 Thread 0x00000252b704a800  845       3       sun.java2d.cmm.ProfileDataVerifier::verify (207 bytes)
Event: 6.733 Thread 0x00000252b704a800 nmethod 845 0x000002529e12b390 code [0x000002529e12b620, 0x000002529e12c530]

GC Heap History (10 events):
Event: 2.330 GC heap before
{Heap before GC invocations=2 (full 0):
 PSYoungGen      total 75776K, used 75775K [0x000000076b980000, 0x0000000770e00000, 0x00000007c0000000)
  eden space 65024K, 100% used [0x000000076b980000,0x000000076f900000,0x000000076f900000)
  from space 10752K, 99% used [0x000000076f900000,0x000000077037ff70,0x0000000770380000)
  to   space 10752K, 0% used [0x0000000770380000,0x0000000770380000,0x0000000770e00000)
 ParOldGen       total 173568K, used 7804K [0x00000006c2c00000, 0x00000006cd580000, 0x000000076b980000)
  object space 173568K, 4% used [0x00000006c2c00000,0x00000006c339f058,0x00000006cd580000)
 Metaspace       used 10442K, capacity 10626K, committed 10752K, reserved 1058816K
  class space    used 1151K, capacity 1221K, committed 1280K, reserved 1048576K
Event: 2.338 GC heap after
Heap after GC invocations=2 (full 0):
 PSYoungGen      total 75776K, used 10735K [0x000000076b980000, 0x0000000770e00000, 0x00000007c0000000)
  eden space 65024K, 0% used [0x000000076b980000,0x000000076b980000,0x000000076f900000)
  from space 10752K, 99% used [0x0000000770380000,0x0000000770dfbdd0,0x0000000770e00000)
  to   space 10752K, 0% used [0x000000076f900000,0x000000076f900000,0x0000000770380000)
 ParOldGen       total 173568K, used 8620K [0x00000006c2c00000, 0x00000006cd580000, 0x000000076b980000)
  object space 173568K, 4% used [0x00000006c2c00000,0x00000006c346b058,0x00000006cd580000)
 Metaspace       used 10442K, capacity 10626K, committed 10752K, reserved 1058816K
  class space    used 1151K, capacity 1221K, committed 1280K, reserved 1048576K
}
Event: 2.892 GC heap before
{Heap before GC invocations=3 (full 0):
 PSYoungGen      total 75776K, used 74773K [0x000000076b980000, 0x0000000770e00000, 0x00000007c0000000)
  eden space 65024K, 98% used [0x000000076b980000,0x000000076f809708,0x000000076f900000)
  from space 10752K, 99% used [0x0000000770380000,0x0000000770dfbdd0,0x0000000770e00000)
  to   space 10752K, 0% used [0x000000076f900000,0x000000076f900000,0x0000000770380000)
 ParOldGen       total 173568K, used 8620K [0x00000006c2c00000, 0x00000006cd580000, 0x000000076b980000)
  object space 173568K, 4% used [0x00000006c2c00000,0x00000006c346b058,0x00000006cd580000)
 Metaspace       used 10460K, capacity 10690K, committed 10752K, reserved 1058816K
  class space    used 1151K, capacity 1221K, committed 1280K, reserved 1048576K
Event: 2.899 GC heap after
Heap after GC invocations=3 (full 0):
 PSYoungGen      total 75776K, used 10751K [0x000000076b980000, 0x0000000774d80000, 0x00000007c0000000)
  eden space 65024K, 0% used [0x000000076b980000,0x000000076b980000,0x000000076f900000)
  from space 10752K, 99% used [0x000000076f900000,0x000000077037fcb0,0x0000000770380000)
  to   space 10752K, 0% used [0x0000000774300000,0x0000000774300000,0x0000000774d80000)
 ParOldGen       total 173568K, used 9532K [0x00000006c2c00000, 0x00000006cd580000, 0x000000076b980000)
  object space 173568K, 5% used [0x00000006c2c00000,0x00000006c354f058,0x00000006cd580000)
 Metaspace       used 10460K, capacity 10690K, committed 10752K, reserved 1058816K
  class space    used 1151K, capacity 1221K, committed 1280K, reserved 1048576K
}
Event: 3.432 GC heap before
{Heap before GC invocations=4 (full 0):
 PSYoungGen      total 75776K, used 74374K [0x000000076b980000, 0x0000000774d80000, 0x00000007c0000000)
  eden space 65024K, 97% used [0x000000076b980000,0x000000076f7a1dc8,0x000000076f900000)
  from space 10752K, 99% used [0x000000076f900000,0x000000077037fcb0,0x0000000770380000)
  to   space 10752K, 0% used [0x0000000774300000,0x0000000774300000,0x0000000774d80000)
 ParOldGen       total 173568K, used 9532K [0x00000006c2c00000, 0x00000006cd580000, 0x000000076b980000)
  object space 173568K, 5% used [0x00000006c2c00000,0x00000006c354f058,0x00000006cd580000)
 Metaspace       used 10470K, capacity 10690K, committed 10752K, reserved 1058816K
  class space    used 1151K, capacity 1221K, committed 1280K, reserved 1048576K
Event: 3.440 GC heap after
Heap after GC invocations=4 (full 0):
 PSYoungGen      total 140800K, used 10751K [0x000000076b980000, 0x0000000774d80000, 0x00000007c0000000)
  eden space 130048K, 0% used [0x000000076b980000,0x000000076b980000,0x0000000773880000)
  from space 10752K, 99% used [0x0000000774300000,0x0000000774d7fcb0,0x0000000774d80000)
  to   space 10752K, 0% used [0x0000000773880000,0x0000000773880000,0x0000000774300000)
 ParOldGen       total 173568K, used 10236K [0x00000006c2c00000, 0x00000006cd580000, 0x000000076b980000)
  object space 173568K, 5% used [0x00000006c2c00000,0x00000006c35ff058,0x00000006cd580000)
 Metaspace       used 10470K, capacity 10690K, committed 10752K, reserved 1058816K
  class space    used 1151K, capacity 1221K, committed 1280K, reserved 1048576K
}
Event: 4.518 GC heap before
{Heap before GC invocations=5 (full 0):
 PSYoungGen      total 140800K, used 138094K [0x000000076b980000, 0x0000000774d80000, 0x00000007c0000000)
  eden space 130048K, 97% used [0x000000076b980000,0x00000007735dbce8,0x0000000773880000)
  from space 10752K, 99% used [0x0000000774300000,0x0000000774d7fcb0,0x0000000774d80000)
  to   space 10752K, 0% used [0x0000000773880000,0x0000000773880000,0x0000000774300000)
 ParOldGen       total 173568K, used 10236K [0x00000006c2c00000, 0x00000006cd580000, 0x000000076b980000)
  object space 173568K, 5% used [0x00000006c2c00000,0x00000006c35ff058,0x00000006cd580000)
 Metaspace       used 10476K, capacity 10690K, committed 10752K, reserved 1058816K
  class space    used 1151K, capacity 1221K, committed 1280K, reserved 1048576K
Event: 4.536 GC heap after
Heap after GC invocations=5 (full 0):
 PSYoungGen      total 140800K, used 10751K [0x000000076b980000, 0x000000077dc80000, 0x00000007c0000000)
  eden space 130048K, 0% used [0x000000076b980000,0x000000076b980000,0x0000000773880000)
  from space 10752K, 99% used [0x0000000773880000,0x00000007742ffcd0,0x0000000774300000)
  to   space 18944K, 0% used [0x000000077ca00000,0x000000077ca00000,0x000000077dc80000)
 ParOldGen       total 173568K, used 14204K [0x00000006c2c00000, 0x00000006cd580000, 0x000000076b980000)
  object space 173568K, 8% used [0x00000006c2c00000,0x00000006c39df058,0x00000006cd580000)
 Metaspace       used 10476K, capacity 10690K, committed 10752K, reserved 1058816K
  class space    used 1151K, capacity 1221K, committed 1280K, reserved 1048576K
}
Event: 5.630 GC heap before
{Heap before GC invocations=6 (full 0):
 PSYoungGen      total 140800K, used 140799K [0x000000076b980000, 0x000000077dc80000, 0x00000007c0000000)
  eden space 130048K, 100% used [0x000000076b980000,0x0000000773880000,0x0000000773880000)
  from space 10752K, 99% used [0x0000000773880000,0x00000007742ffcd0,0x0000000774300000)
  to   space 18944K, 0% used [0x000000077ca00000,0x000000077ca00000,0x000000077dc80000)
 ParOldGen       total 173568K, used 14204K [0x00000006c2c00000, 0x00000006cd580000, 0x000000076b980000)
  object space 173568K, 8% used [0x00000006c2c00000,0x00000006c39df058,0x00000006cd580000)
 Metaspace       used 10480K, capacity 10690K, committed 10752K, reserved 1058816K
  class space    used 1151K, capacity 1221K, committed 1280K, reserved 1048576K
Event: 5.645 GC heap after
Heap after GC invocations=6 (full 0):
 PSYoungGen      total 274432K, used 18921K [0x000000076b980000, 0x000000077e580000, 0x00000007c0000000)
  eden space 255488K, 0% used [0x000000076b980000,0x000000076b980000,0x000000077b300000)
  from space 18944K, 99% used [0x000000077ca00000,0x000000077dc7a408,0x000000077dc80000)
  to   space 23552K, 0% used [0x000000077b300000,0x000000077b300000,0x000000077ca00000)
 ParOldGen       total 173568K, used 18236K [0x00000006c2c00000, 0x00000006cd580000, 0x000000076b980000)
  object space 173568K, 10% used [0x00000006c2c00000,0x00000006c3dcf058,0x00000006cd580000)
 Metaspace       used 10480K, capacity 10690K, committed 10752K, reserved 1058816K
  class space    used 1151K, capacity 1221K, committed 1280K, reserved 1048576K
}

Deoptimization events (10 events):
Event: 0.671 Thread 0x000002529c367000 Uncommon trap: reason=class_check action=maybe_recompile pc=0x000002529e03c8d8 method=com.google.gson.internal.bind.TypeAdapterRuntimeTypeWrapper.read(Lcom/google/gson/stream/JsonReader;)Ljava/lang/Object; @ 5
Event: 0.671 Thread 0x000002529c367000 Uncommon trap: reason=class_check action=maybe_recompile pc=0x000002529e03c8d8 method=com.google.gson.internal.bind.TypeAdapterRuntimeTypeWrapper.read(Lcom/google/gson/stream/JsonReader;)Ljava/lang/Object; @ 5
Event: 0.697 Thread 0x000002529c367000 Uncommon trap: reason=unstable_if action=reinterpret pc=0x000002529e054f10 method=com.google.gson.internal.bind.ArrayTypeAdapter.read(Lcom/google/gson/stream/JsonReader;)Ljava/lang/Object; @ 82
Event: 0.697 Thread 0x000002529c367000 Uncommon trap: reason=unstable_if action=reinterpret pc=0x000002529e037f20 method=com.google.gson.stream.JsonReader.hasNext()Z @ 16
Event: 2.338 Thread 0x00000252b7004800 Uncommon trap: reason=unstable_if action=reinterpret pc=0x000002529e0b6dd0 method=java.lang.ref.ReferenceQueue.enqueue(Ljava/lang/ref/Reference;)Z @ 61
Event: 2.339 Thread 0x00000252b7004800 Uncommon trap: reason=class_check action=maybe_recompile pc=0x000002529e0b8d60 method=java.lang.ref.ReferenceQueue.enqueue(Ljava/lang/ref/Reference;)Z @ 91
Event: 2.339 Thread 0x00000252b7004800 Uncommon trap: reason=class_check action=maybe_recompile pc=0x000002529e0b8d60 method=java.lang.ref.ReferenceQueue.enqueue(Ljava/lang/ref/Reference;)Z @ 91
Event: 2.339 Thread 0x00000252b7004800 Uncommon trap: reason=class_check action=maybe_recompile pc=0x000002529e0b8d60 method=java.lang.ref.ReferenceQueue.enqueue(Ljava/lang/ref/Reference;)Z @ 91
Event: 2.339 Thread 0x00000252b7004800 Uncommon trap: reason=class_check action=maybe_recompile pc=0x000002529e0b8d60 method=java.lang.ref.ReferenceQueue.enqueue(Ljava/lang/ref/Reference;)Z @ 91
Event: 2.339 Thread 0x00000252b9adb800 Uncommon trap: reason=unstable_if action=reinterpret pc=0x000002529e0bb3a0 method=java.lang.ref.ReferenceQueue.remove(J)Ljava/lang/ref/Reference; @ 31

Classes redefined (0 events):
No events

Internal exceptions (10 events):
Event: 0.079 Thread 0x000002529c367000 Exception <a 'java/security/PrivilegedActionException'> (0x000000076ba6d540) thrown at [J:\jenkins\tmp\workspace\build\src\hotspot\src\share\vm\prims\jvm.cpp, line 1502]
Event: 0.079 Thread 0x000002529c367000 Exception <a 'java/security/PrivilegedActionException'> (0x000000076ba6ed08) thrown at [J:\jenkins\tmp\workspace\build\src\hotspot\src\share\vm\prims\jvm.cpp, line 1502]
Event: 0.079 Thread 0x000002529c367000 Exception <a 'java/security/PrivilegedActionException'> (0x000000076ba6f100) thrown at [J:\jenkins\tmp\workspace\build\src\hotspot\src\share\vm\prims\jvm.cpp, line 1502]
Event: 0.086 Thread 0x000002529c367000 Exception <a 'java/io/FileNotFoundException'> (0x000000076ba997a8) thrown at [J:\jenkins\tmp\workspace\build\src\hotspot\src\share\vm\prims\jni.cpp, line 710]
Event: 0.108 Thread 0x000002529c367000 Exception <a 'java/lang/NoSuchFieldError': method resolution failed> (0x000000076bcaf238) thrown at [J:\jenkins\tmp\workspace\build\src\hotspot\src\share\vm\prims\methodHandles.cpp, line 1167]
Event: 0.109 Thread 0x000002529c367000 Exception <a 'java/lang/NoSuchFieldError': method resolution failed> (0x000000076bcbca08) thrown at [J:\jenkins\tmp\workspace\build\src\hotspot\src\share\vm\prims\methodHandles.cpp, line 1167]
Event: 0.454 Thread 0x000002529c367000 Exception <a 'java/lang/ClassNotFoundException': sun/dc/DuctusRenderingEngine> (0x000000076c3774e0) thrown at [J:\jenkins\tmp\workspace\build\src\hotspot\src\share\vm\classfile\systemDictionary.cpp, line 210]
Event: 0.573 Thread 0x000002529c367000 Exception <a 'java/io/FileNotFoundException'> (0x000000076c51c048) thrown at [J:\jenkins\tmp\workspace\build\src\hotspot\src\share\vm\prims\jni.cpp, line 710]
Event: 0.652 Thread 0x000002529c367000 Exception <a 'java/lang/ArrayIndexOutOfBoundsException': 18> (0x000000076d07b108) thrown at [J:\jenkins\tmp\workspace\build\src\hotspot\src\share\vm\interpreter\interpreterRuntime.cpp, line 368]
Event: 2.339 Thread 0x00000252b9adb800 Implicit null exception at 0x000002529e0bb131 to 0x000002529e0bb393

Events (10 events):
Event: 5.647 Executing VM operation: RevokeBias
Event: 5.647 Executing VM operation: RevokeBias done
Event: 5.647 Executing VM operation: BulkRevokeBias
Event: 5.647 Executing VM operation: BulkRevokeBias done
Event: 6.828 Thread 0x00000252c637b800 Thread added: 0x00000252c637b800
Event: 6.828 Thread 0x00000252c36cb000 Thread added: 0x00000252c36cb000
Event: 6.828 Thread 0x00000252c637b800 Thread exited: 0x00000252c637b800
Event: 6.837 Thread 0x00000252b9b47800 Thread exited: 0x00000252b9b47800
Event: 6.929 Thread 0x00000252c36cb000 Thread exited: 0x00000252c36cb000
Event: 6.929 Executing VM operation: Exit


Dynamic libraries:
0x00007ff7788f0000 - 0x00007ff77892a000 	D:\Program Files\AdoptOpenJDK\jdk-8.0.252.09-hotspot\bin\javaw.exe
0x00007ffa2c640000 - 0x00007ffa2c830000 	C:\Windows\SYSTEM32\ntdll.dll
0x00007ffa2ae80000 - 0x00007ffa2af32000 	C:\Windows\System32\KERNEL32.DLL
0x00007ffa295d0000 - 0x00007ffa29875000 	C:\Windows\System32\KERNELBASE.dll
0x00007ffa2b6d0000 - 0x00007ffa2b773000 	C:\Windows\System32\ADVAPI32.dll
0x00007ffa2bc10000 - 0x00007ffa2bcae000 	C:\Windows\System32\msvcrt.dll
0x00007ffa2af40000 - 0x00007ffa2afd7000 	C:\Windows\System32\sechost.dll
0x00007ffa2a930000 - 0x00007ffa2aa50000 	C:\Windows\System32\RPCRT4.dll
0x00007ffa2c100000 - 0x00007ffa2c294000 	C:\Windows\System32\USER32.dll
0x00007ffa29940000 - 0x00007ffa29961000 	C:\Windows\System32\win32u.dll
0x00007ffa2ad10000 - 0x00007ffa2ad36000 	C:\Windows\System32\GDI32.dll
0x00007ffa29ca0000 - 0x00007ffa29e36000 	C:\Windows\System32\gdi32full.dll
0x00007ffa298a0000 - 0x00007ffa2993e000 	C:\Windows\System32\msvcp_win.dll
0x00007ffa29ba0000 - 0x00007ffa29c9a000 	C:\Windows\System32\ucrtbase.dll
0x00007ffa0d3f0000 - 0x00007ffa0d674000 	C:\Windows\WinSxS\amd64_microsoft.windows.common-controls_6595b64144ccf1df_6.0.18362.1139_none_9e7bf2d3e4605ac6\COMCTL32.dll
0x00007ffa2c2c0000 - 0x00007ffa2c5f5000 	C:\Windows\System32\combase.dll
0x00007ffa29ef0000 - 0x00007ffa29f70000 	C:\Windows\System32\bcryptPrimitives.dll
0x00007ffa2a850000 - 0x00007ffa2a87e000 	C:\Windows\System32\IMM32.DLL
0x00007ffa1a240000 - 0x00007ffa1a32f000 	D:\Program Files\AdoptOpenJDK\jdk-8.0.252.09-hotspot\jre\bin\msvcr120.dll
0x00007ffa008f0000 - 0x00007ffa00996000 	D:\Program Files\AdoptOpenJDK\jdk-8.0.252.09-hotspot\jre\bin\msvcp120.dll
0x00000000613f0000 - 0x0000000061bee000 	D:\Program Files\AdoptOpenJDK\jdk-8.0.252.09-hotspot\jre\bin\server\jvm.dll
0x00007ffa2c2b0000 - 0x00007ffa2c2b8000 	C:\Windows\System32\PSAPI.DLL
0x00007ffa1d910000 - 0x00007ffa1d934000 	C:\Windows\SYSTEM32\WINMM.dll
0x00007ffa1b130000 - 0x00007ffa1b139000 	C:\Windows\SYSTEM32\WSOCK32.dll
0x00007ffa22450000 - 0x00007ffa2245a000 	C:\Windows\SYSTEM32\VERSION.dll
0x00007ffa2bd20000 - 0x00007ffa2bd8f000 	C:\Windows\System32\WS2_32.dll
0x00007ffa1d8e0000 - 0x00007ffa1d90d000 	C:\Windows\SYSTEM32\WINMMBASE.dll
0x00007ffa29af0000 - 0x00007ffa29b3a000 	C:\Windows\System32\cfgmgr32.dll
0x00007ffa24ec0000 - 0x00007ffa24ecf000 	D:\Program Files\AdoptOpenJDK\jdk-8.0.252.09-hotspot\jre\bin\verify.dll
0x00007ffa244f0000 - 0x00007ffa24518000 	D:\Program Files\AdoptOpenJDK\jdk-8.0.252.09-hotspot\jre\bin\java.dll
0x00007ffa244d0000 - 0x00007ffa244e6000 	D:\Program Files\AdoptOpenJDK\jdk-8.0.252.09-hotspot\jre\bin\zip.dll
0x00007ffa2afe0000 - 0x00007ffa2b6c7000 	C:\Windows\System32\SHELL32.dll
0x00007ffa2a880000 - 0x00007ffa2a929000 	C:\Windows\System32\shcore.dll
0x00007ffa29f70000 - 0x00007ffa2a6f0000 	C:\Windows\System32\windows.storage.dll
0x00007ffa29530000 - 0x00007ffa29553000 	C:\Windows\System32\profapi.dll
0x00007ffa29580000 - 0x00007ffa295ca000 	C:\Windows\System32\powrprof.dll
0x00007ffa29500000 - 0x00007ffa29510000 	C:\Windows\System32\UMPDC.dll
0x00007ffa2ae10000 - 0x00007ffa2ae62000 	C:\Windows\System32\shlwapi.dll
0x00007ffa29560000 - 0x00007ffa29571000 	C:\Windows\System32\kernel.appcore.dll
0x00007ffa29880000 - 0x00007ffa29897000 	C:\Windows\System32\cryptsp.dll
0x00007ff989640000 - 0x00007ff98c673000 	D:\Documents\opencv\build\java\x64\opencv_java440.dll
0x00007ffa2a6f0000 - 0x00007ffa2a847000 	C:\Windows\System32\ole32.dll
0x00007ffa2be10000 - 0x00007ffa2bed5000 	C:\Windows\System32\OLEAUT32.dll
0x00007ff9fc460000 - 0x00007ff9fc5f5000 	D:\Program Files\AdoptOpenJDK\jdk-8.0.252.09-hotspot\jre\bin\awt.dll
0x00007ffa23eb0000 - 0x00007ffa23f3f000 	C:\Windows\SYSTEM32\apphelp.dll
0x00007ffa223f0000 - 0x00007ffa2241a000 	D:\Program Files\AdoptOpenJDK\jdk-8.0.252.09-hotspot\jre\bin\jpeg.dll
0x00007ffa20540000 - 0x00007ffa2057e000 	D:\Program Files\AdoptOpenJDK\jdk-8.0.252.09-hotspot\jre\bin\lcms.dll
0x00007ffa267e0000 - 0x00007ffa26879000 	C:\Windows\system32\uxtheme.dll
0x00007ffa2bfc0000 - 0x00007ffa2c0f5000 	C:\Windows\System32\MSCTF.dll
0x00007ff9f3d00000 - 0x00007ff9f3dfc000 	C:\ProgramData\A-Volute\DellInc.AlienwareSoundCenter\Modules\ScheduledModules\x64\DellInc.AlienwareSoundCenterDevProps2.dll
0x00007ffa09330000 - 0x00007ffa093dc000 	C:\ProgramData\A-Volute\DellInc.AlienwareSoundCenter\Modules\ScheduledModules\x64\NahimicOSD.dll
0x00007ffa1ac70000 - 0x00007ffa1ac91000 	C:\ProgramData\A-Volute\DellInc.AlienwareSoundCenter\Modules\ScheduledModules\x64\ProductInfo.dll
0x00007ffa278d0000 - 0x00007ffa278fd000 	C:\Windows\system32\DWMAPI.DLL
0x00007ff9fad40000 - 0x00007ff9fae96000 	C:\Windows\system32\opengl32.dll
0x00007ffa129a0000 - 0x00007ffa129cc000 	C:\Windows\SYSTEM32\GLU32.dll
0x00007ffa281c0000 - 0x00007ffa281e0000 	C:\Windows\SYSTEM32\dxcore.dll
0x00007ffa04a10000 - 0x00007ffa04aa3000 	D:\Program Files\AdoptOpenJDK\jdk-8.0.252.09-hotspot\jre\bin\freetype.dll
0x00007ffa00830000 - 0x00007ffa008ed000 	D:\Program Files\AdoptOpenJDK\jdk-8.0.252.09-hotspot\jre\bin\fontmanager.dll
0x00007ffa1ca20000 - 0x00007ffa1cabe000 	C:\Windows\System32\TextInputFramework.dll
0x00007ffa239e0000 - 0x00007ffa23ab4000 	C:\Windows\System32\CoreMessaging.dll
0x00007ffa1c5d0000 - 0x00007ffa1c8fa000 	C:\Windows\System32\CoreUIComponents.dll
0x00007ffa28540000 - 0x00007ffa28571000 	C:\Windows\SYSTEM32\ntmarta.dll
0x00007ffa26bc0000 - 0x00007ffa26d13000 	C:\Windows\SYSTEM32\wintypes.dll
0x00007ffa2aab0000 - 0x00007ffa2ab52000 	C:\Windows\System32\clbcatq.dll
0x00007ffa17350000 - 0x00007ffa17368000 	C:\Windows\System32\devenum.dll
0x00007ffa2b780000 - 0x00007ffa2bbf0000 	C:\Windows\System32\setupapi.dll
0x00007ffa29ac0000 - 0x00007ffa29ae6000 	C:\Windows\System32\bcrypt.dll
0x00007ffa292f0000 - 0x00007ffa2931a000 	C:\Windows\SYSTEM32\DEVOBJ.dll
0x00007ffa29b40000 - 0x00007ffa29b9c000 	C:\Windows\System32\WINTRUST.dll
0x00000252bffe0000 - 0x00000252bfff2000 	C:\Windows\System32\MSASN1.dll
0x00007ffa29970000 - 0x00007ffa29ab9000 	C:\Windows\System32\CRYPT32.dll
0x00007ffa20350000 - 0x00007ffa2035b000 	C:\Windows\SYSTEM32\msdmo.dll
0x00007ffa1ffe0000 - 0x00007ffa20014000 	C:\Windows\System32\qcap.dll
0x00007ff9fc290000 - 0x00007ff9fc454000 	C:\Windows\System32\quartz.dll
0x00007ffa1ff20000 - 0x00007ffa1ff6c000 	C:\Windows\System32\mfksproxy.dll
0x00007ffa107f0000 - 0x00007ffa1080c000 	C:\Windows\System32\ATL.DLL
0x00007ff9fba10000 - 0x00007ff9fbc0a000 	C:\Windows\System32\MFPlat.DLL
0x00007ffa03860000 - 0x00007ffa0388f000 	C:\Windows\System32\RTWorkQ.DLL
0x00007ffa1b9d0000 - 0x00007ffa1bc77000 	C:\Windows\System32\iertutil.dll
0x00007ff9ced30000 - 0x00007ff9cf11c000 	C:\Windows\System32\MFCORE.dll
0x00007ffa24790000 - 0x00007ffa24799000 	C:\Windows\System32\ksuser.dll
0x00007ffa28f20000 - 0x00007ffa28f2c000 	C:\Windows\System32\CRYPTBASE.DLL
0x00007ffa1a1e0000 - 0x00007ffa1a235000 	C:\Windows\System32\FSClient.dll
0x00007ffa24b00000 - 0x00007ffa24d5b000 	C:\Windows\System32\d3d11.dll
0x00007ffa282b0000 - 0x00007ffa2839b000 	C:\Windows\System32\dxgi.dll
0x00007ffa09da0000 - 0x00007ffa09dfc000 	C:\Windows\System32\MFSENSORGROUP.dll
0x00007ffa240b0000 - 0x00007ffa240ba000 	C:\Windows\System32\AVRT.dll
0x00007ffa254a0000 - 0x00007ffa254ad000 	C:\Windows\System32\vidcap.ax
0x00007ffa19fe0000 - 0x00007ffa1a006000 	C:\Windows\System32\kswdmcap.ax
0x00007ff9f5cd0000 - 0x00007ff9f5e32000 	C:\Windows\System32\MFC42.dll
0x00007ff9cc270000 - 0x00007ff9cc3a9000 	C:\Windows\System32\MFReadWrite.dll
0x00007ff9fb310000 - 0x00007ff9fb3b1000 	C:\Windows\System32\qedit.dll
0x00007ffa2ad40000 - 0x00007ffa2ae10000 	C:\Windows\System32\COMDLG32.dll
0x00007ffa19eb0000 - 0x00007ffa19ed9000 	C:\Windows\System32\MSVFW32.dll
0x00007ffa16d40000 - 0x00007ffa16ee3000 	C:\Windows\WinSxS\amd64_microsoft.windows.gdiplus_6595b64144ccf1df_1.1.18362.1139_none_cf66e5b93ef2d494\gdiplus.dll
0x00007ff9f3b40000 - 0x00007ff9f3c37000 	C:\Windows\System32\DDRAW.dll
0x00007ffa21470000 - 0x00007ffa21478000 	C:\Windows\System32\DCIMAN32.dll
0x00007ffa24f50000 - 0x00007ffa24f5c000 	C:\Windows\SYSTEM32\msyuv.dll
0x00007ffa27e10000 - 0x00007ffa28004000 	C:\Windows\SYSTEM32\dbghelp.dll

VM Arguments:
jvm_args: -Djava.library.path=D:\Documents\opencv\build\java\x64 -Dfile.encoding=Cp1252 
java_command: PnP.WebcamPnP
java_class_path (initial): D:\Documents\opencv\build\java\opencv-440.jar;D:\Documents\Code\Java\Eclipse\OOTB\OpenCVTests\bin;D:\Documents\Code\Java\Eclipse\OOTB\OpenCVTests\lib\gson-2.8.6.jar;D:\Documents\Code\Java\Eclipse\OOTB\OpenCVTests\lib\javafx.base.jar;D:\Documents\Code\Java\Eclipse\OOTB\OpenCVTests\lib\javafx.controls.jar;D:\Documents\Code\Java\Eclipse\OOTB\OpenCVTests\lib\javafx.fxml.jar;D:\Documents\Code\Java\Eclipse\OOTB\OpenCVTests\lib\javafx.graphics.jar;D:\Documents\Code\Java\Eclipse\OOTB\OpenCVTests\lib\javafx.media.jar;D:\Documents\Code\Java\Eclipse\OOTB\OpenCVTests\lib\javafx.swing.jar;D:\Documents\Code\Java\Eclipse\OOTB\OpenCVTests\lib\javafx.web.jar;D:\Documents\Code\Java\Eclipse\OOTB\OpenCVTests\lib\javafx-swt.jar
Launcher Type: SUN_STANDARD

Environment Variables:
JAVA_HOME=D:\Program Files\AdoptOpenJDK\jdk-8.0.252.09-hotspot\
PATH=D:/Program Files/AdoptOpenJDK/jdk-8.0.252.09-hotspot/bin/../jre/bin/server;D:/Program Files/AdoptOpenJDK/jdk-8.0.252.09-hotspot/bin/../jre/bin;D:/Program Files/AdoptOpenJDK/jdk-8.0.252.09-hotspot/bin/../jre/lib/amd64;D:\Program Files\AdoptOpenJDK\jdk-8.0.252.09-hotspot\bin;C:\Program Files (x86)\Common Files\Oracle\Java\javapath;C:\Windows\system32;C:\Windows;C:\Windows\System32\Wbem;C:\Windows\System32\WindowsPowerShell\v1.0\;C:\Windows\System32\OpenSSH\;C:\Program Files (x86)\NVIDIA Corporation\PhysX\Common;C:\Program Files\NVIDIA Corporation\NVIDIA NvDLISR;C:\Program Files (x86)\Windows Kits\8.1\Windows Performance Toolkit\;C:\Program Files\Git\cmd;C:\Program Files\Microsoft SQL Server\130\Tools\Binn\;C:\Program Files\Microsoft SQL Server\Client SDK\ODBC\170\Tools\Binn\;D:\Program Files\NodeJS\;C:\Program Files\Inkscape\bin;C:\Program Files\dotnet\;C:\Users\eeshw\AppData\Local\Programs\Python\Python38-32\Scripts\;C:\Users\eeshw\AppData\Local\Programs\Python\Python38-32\;C:\Users\eeshw\AppData\Local\Microsoft\WindowsApps;C:\Users\eeshw\AppData\Roaming\npm;D:\Downloads\ffmpeg-20200716-d11cc74-win64-static\ffmpeg-20200716-d11cc74-win64-static\bin;C:\Users\eeshw\AppData\Local\Programs\Fiddler;C:\Users\eeshw\.dotnet\tools;D:\Program Files (x86)\MiKTeX\miktex\bin\x64\;C:\Program Files\CMake\bin;D:\Program Files\CMake\bin;D:\Downloads\exiftool-12.07;;C:\Windows\System32;
USERNAME=eeshw
OS=Windows_NT
PROCESSOR_IDENTIFIER=Intel64 Family 6 Model 158 Stepping 10, GenuineIntel



---------------  S Y S T E M  ---------------

OS: Windows 10.0 , 64 bit Build 18362 (10.0.18362.1110)

CPU:total 12 (initial active 12) (6 cores per cpu, 2 threads per core) family 6 model 158 stepping 10, cmov, cx8, fxsr, mmx, sse, sse2, sse3, ssse3, sse4.1, sse4.2, popcnt, avx, avx2, aes, clmul, erms, 3dnowpref, lzcnt, ht, tsc, tscinvbit, bmi1, bmi2, adx

Memory: 4k page, physical 16590132k(6175020k free), swap 23405876k(5867664k free)

vm_info: OpenJDK 64-Bit Server VM (25.252-b09) for windows-amd64 JRE (1.8.0_252-b09), built on Apr 22 2020 09:32:45 by "jenkins" with MS VC++ 12.0 (VS2013)

time: Sun Oct 18 12:03:40 2020
timezone: Eastern Daylight Time
elapsed time: 13 seconds (0d 0h 0m 13s)

